[17/07/2018 14:11:03:687] 6416 - EspdTemplateNotFoundException : Arquivo de template não encontrado: C:\Users\Administrador\Desktop\C# VS2012 - NFCe\Demo NFCe - VS2012 - C#\bin\Debug\Templates\vm60\PR\envioxml_dest.xml
[09/08/2018 14:42:12:620] 5976 - EspdNFCeCheckParamsException : Número do Recibo deve ter exatamente 15 dígitos: 
[09/08/2018 14:43:52:556] 4032 - EspdNFCeCheckParamsException : Código do Protocolo não pode ser vazio.
[09/08/2018 14:51:15:258] 6884 - EspdNFCeCheckParamsException : Código do Protocolo não pode ser vazio.
[09/08/2018 14:53:32:505] 1020 - EspdNFCeCarregarLoteNotasImpressaoException : Problema ao carregar lote de notas para impressão: Não foi informado um XML de autorização válido.
[09/08/2018 14:53:51:690] 7128 - EspdNFCeCarregarLoteNotasImpressaoException : Problema ao carregar lote de notas para impressão: Não foi informado um XML de autorização válido.
[20/04/2021 14:18:15:813] 15304 - EspdNFCeCheckParamsException : a sigla da UF , é inválida.
[20/04/2021 14:18:15:817] 15304 - EspdNFCeConfigException : Erro ao carregar configurações: a sigla da UF , é inválida.
[20/04/2021 14:18:32:318] 16144 - EspdNFCeCheckParamsException : a sigla da UF , é inválida.
[20/04/2021 14:18:32:320] 16144 - EspdNFCeConfigException : Erro ao carregar configurações: a sigla da UF , é inválida.
[22/04/2021 17:06:37:506] 5748 - EspdNFCeCheckParamsException : Favor preencher o parâmetro aLoteNotas
[26/04/2021 09:18:07:377] 20428 - EspdNFCeCheckParamsException : Número do Recibo deve ter exatamente 15 dígitos: 
[26/04/2021 09:18:47:003] 24308 - EspdNFCeCheckParamsException : Número do Recibo deve ter exatamente 15 dígitos: 
[26/04/2021 09:18:52:723] 24308 - EspdFileNotFoundException : Arquivo C:\Users\guilherme.noce\Desktop\DEV\Componente-NFCe\demonstracoes\c#\bin\Debug\Esquemas\vm60\Mapping.txt utilizado na validação de esquema, não foi encontrado
[26/04/2021 09:18:52:725] 24308 - EspdSchemaValidationException : Arquivo C:\Users\guilherme.noce\Desktop\DEV\Componente-NFCe\demonstracoes\c#\bin\Debug\Esquemas\vm60\Mapping.txt utilizado na validação de esquema, não foi encontrado
[26/04/2021 09:19:29:380] 19340 - EspdFileNotFoundException : Arquivo C:\Users\guilherme.noce\Desktop\DEV\Componente-NFCe\demonstracoes\c#\bin\Debug\Esquemas\vm60\Mapping.txt utilizado na validação de esquema, não foi encontrado
[26/04/2021 09:19:29:382] 19340 - EspdSchemaValidationException : Arquivo C:\Users\guilherme.noce\Desktop\DEV\Componente-NFCe\demonstracoes\c#\bin\Debug\Esquemas\vm60\Mapping.txt utilizado na validação de esquema, não foi encontrado
[26/04/2021 09:21:01:699] 17680 - EspdNFCeCarregarLoteNotasImpressaoException : Problema ao carregar lote de notas para impressão: Não foi informado um XML de autorização válido.
[26/04/2021 09:32:12:976] 13524 - EspdNFCeCarregarLoteNotasImpressaoException : Problema ao carregar lote de notas para impressão: Não foi informado um XML de autorização válido.
[26/04/2021 09:34:53:871] 268 - EspdNFCeCarregarLoteNotasImpressaoException : Problema ao carregar lote de notas para impressão: Não foi informado um XML de autorização válido.
[26/04/2021 15:14:26:618] 12800 - EspdSignatureException : O arquivo de elementos permitidos não existe
[26/04/2021 15:24:57:267] 13236 - EspdSignatureException : O arquivo de elementos permitidos não existe
[11/05/2021 09:56:49:334] 24872 - EspdFileNotFoundException : Arquivo C:\Users\guilherme.noce\Desktop\DEV\Componente-NFCe\demonstracoes\c#\bin\Debug\Esquemas\vm60\Mapping.txt utilizado na validação de esquema, não foi encontrado
[11/05/2021 09:56:49:339] 24872 - EspdSchemaValidationException : Arquivo C:\Users\guilherme.noce\Desktop\DEV\Componente-NFCe\demonstracoes\c#\bin\Debug\Esquemas\vm60\Mapping.txt utilizado na validação de esquema, não foi encontrado
[11/05/2021 09:57:08:198] 24872 - EspdFileNotFoundException : Arquivo C:\Users\guilherme.noce\Desktop\DEV\Componente-NFCe\demonstracoes\c#\bin\Debug\Esquemas\vm60\Mapping.txt utilizado na validação de esquema, não foi encontrado
[11/05/2021 09:57:08:200] 24872 - EspdSchemaValidationException : Arquivo C:\Users\guilherme.noce\Desktop\DEV\Componente-NFCe\demonstracoes\c#\bin\Debug\Esquemas\vm60\Mapping.txt utilizado na validação de esquema, não foi encontrado
[11/05/2021 09:57:18:501] 24872 - EspdNFCeException : Não foi possível encontrar notas fiscais no arquivo
[11/05/2021 09:57:22:773] 24872 - EspdNFCeCheckParamsException : Favor preencher o parâmetro aXmlNota
[11/05/2021 09:57:27:132] 24872 - EspdNFCeCheckParamsException : Favor preencher o parâmetro aLoteNotas
[11/05/2021 09:57:30:287] 24872 - EspdNFCeCheckParamsException : Favor preencher o parâmetro aLoteNotas
[11/05/2021 09:57:33:744] 24872 - EspdNFCeCheckParamsException : Número do Recibo deve ter exatamente 15 dígitos: 
